[debug] [2025-12-09T09:09:58.348Z] ----------------------------------------------------------------------
[debug] [2025-12-09T09:09:58.350Z] Command:       /opt/homebrew/Cellar/node/24.9.0_1/bin/node /opt/homebrew/bin/firebase deploy
[debug] [2025-12-09T09:09:58.350Z] CLI Version:   14.19.1
[debug] [2025-12-09T09:09:58.350Z] Platform:      darwin
[debug] [2025-12-09T09:09:58.350Z] Node Version:  v24.9.0
[debug] [2025-12-09T09:09:58.350Z] Time:          Tue Dec 09 2025 10:09:58 GMT+0100 (Central European Standard Time)
[debug] [2025-12-09T09:09:58.350Z] ----------------------------------------------------------------------
[debug] 
[debug] [2025-12-09T09:09:58.432Z] > command requires scopes: ["email","openid","https://www.googleapis.com/auth/cloudplatformprojects.readonly","https://www.googleapis.com/auth/firebase","https://www.googleapis.com/auth/cloud-platform"]
[debug] [2025-12-09T09:09:58.432Z] > authorizing via signed-in user (muhammad.aref.ali.hamada@gmail.com)
[debug] [2025-12-09T09:09:58.432Z] [iam] checking project telc-b1-german for permissions ["datastore.indexes.create","datastore.indexes.delete","datastore.indexes.list","datastore.indexes.update","firebase.projects.get","firebasehosting.sites.update"]
[debug] [2025-12-09T09:09:58.433Z] Checked if tokens are valid: true, expires at: 1765274987515
[debug] [2025-12-09T09:09:58.433Z] Checked if tokens are valid: true, expires at: 1765274987515
[debug] [2025-12-09T09:09:58.433Z] >>> [apiv2][query] POST https://cloudresourcemanager.googleapis.com/v1/projects/telc-b1-german:testIamPermissions [none]
[debug] [2025-12-09T09:09:58.433Z] >>> [apiv2][(partial)header] POST https://cloudresourcemanager.googleapis.com/v1/projects/telc-b1-german:testIamPermissions x-goog-quota-user=projects/telc-b1-german
[debug] [2025-12-09T09:09:58.433Z] >>> [apiv2][body] POST https://cloudresourcemanager.googleapis.com/v1/projects/telc-b1-german:testIamPermissions {"permissions":["datastore.indexes.create","datastore.indexes.delete","datastore.indexes.list","datastore.indexes.update","firebase.projects.get","firebasehosting.sites.update"]}
[debug] [2025-12-09T09:09:58.630Z] <<< [apiv2][status] POST https://cloudresourcemanager.googleapis.com/v1/projects/telc-b1-german:testIamPermissions 200
[debug] [2025-12-09T09:09:58.630Z] <<< [apiv2][body] POST https://cloudresourcemanager.googleapis.com/v1/projects/telc-b1-german:testIamPermissions {"permissions":["datastore.indexes.create","datastore.indexes.delete","datastore.indexes.list","datastore.indexes.update","firebase.projects.get","firebasehosting.sites.update"]}
[debug] [2025-12-09T09:09:58.631Z] Checked if tokens are valid: true, expires at: 1765274987515
[debug] [2025-12-09T09:09:58.631Z] Checked if tokens are valid: true, expires at: 1765274987515
[debug] [2025-12-09T09:09:58.631Z] >>> [apiv2][query] GET https://firebase.googleapis.com/v1beta1/projects/telc-b1-german [none]
[debug] [2025-12-09T09:09:58.866Z] <<< [apiv2][status] GET https://firebase.googleapis.com/v1beta1/projects/telc-b1-german 200
[debug] [2025-12-09T09:09:58.866Z] <<< [apiv2][body] GET https://firebase.googleapis.com/v1beta1/projects/telc-b1-german {"projectId":"telc-b1-german","projectNumber":"494473710301","displayName":"telc-b1-german","name":"projects/telc-b1-german","resources":{"hostingSite":"telc-b1-german"},"state":"ACTIVE","etag":"1_1979caa9-aedd-4004-bec3-45cbb6383d02"}
[info] 
[info] === Deploying to 'telc-b1-german'...
[info] 
[info] i  deploying firestore, hosting 
[info] i  firestore: ensuring required API firestore.googleapis.com is enabled... 
[info] i  firestore: ensuring required API firestore.googleapis.com is enabled... 
[debug] [2025-12-09T09:09:58.869Z] Checked if tokens are valid: true, expires at: 1765274987515
[debug] [2025-12-09T09:09:58.869Z] Checked if tokens are valid: true, expires at: 1765274987515
[debug] [2025-12-09T09:09:58.869Z] >>> [apiv2][query] GET https://firestore.googleapis.com/v1/projects/telc-b1-german/databases/(default) [none]
[debug] [2025-12-09T09:09:59.104Z] <<< [apiv2][status] GET https://firestore.googleapis.com/v1/projects/telc-b1-german/databases/(default) 200
[debug] [2025-12-09T09:09:59.104Z] <<< [apiv2][body] GET https://firestore.googleapis.com/v1/projects/telc-b1-german/databases/(default) {"name":"projects/telc-b1-german/databases/(default)","uid":"98ec91fa-6026-476b-a706-d5cfc51dea5c","createTime":"2025-10-18T05:07:40.845045Z","updateTime":"2025-10-18T05:07:40.845045Z","locationId":"eur3","type":"FIRESTORE_NATIVE","concurrencyMode":"PESSIMISTIC","versionRetentionPeriod":"3600s","earliestVersionTime":"2025-12-09T08:09:59.131903Z","appEngineIntegrationMode":"DISABLED","keyPrefix":"e","pointInTimeRecoveryEnablement":"POINT_IN_TIME_RECOVERY_DISABLED","deleteProtectionState":"DELETE_PROTECTION_DISABLED","databaseEdition":"STANDARD","freeTier":true,"realtimeUpdatesMode":"REALTIME_UPDATES_MODE_ENABLED","etag":"II7PtbWUsJEDMJ6/3N7mr5AD"}
[info] i  cloud.firestore: checking firestore.rules for compilation errors... 
[debug] [2025-12-09T09:09:59.106Z] Checked if tokens are valid: true, expires at: 1765274987515
[debug] [2025-12-09T09:09:59.106Z] Checked if tokens are valid: true, expires at: 1765274987515
[debug] [2025-12-09T09:09:59.106Z] >>> [apiv2][query] POST https://firebaserules.googleapis.com/v1/projects/telc-b1-german:test [none]
[debug] [2025-12-09T09:09:59.106Z] >>> [apiv2][body] POST https://firebaserules.googleapis.com/v1/projects/telc-b1-german:test [omitted]
[debug] [2025-12-09T09:09:59.441Z] <<< [apiv2][status] POST https://firebaserules.googleapis.com/v1/projects/telc-b1-german:test 200
[debug] [2025-12-09T09:09:59.441Z] <<< [apiv2][body] POST https://firebaserules.googleapis.com/v1/projects/telc-b1-german:test {}
[info] ✔  cloud.firestore: rules file firestore.rules compiled successfully 
[debug] [2025-12-09T09:09:59.442Z] Checked if tokens are valid: true, expires at: 1765274987515
[debug] [2025-12-09T09:09:59.442Z] Checked if tokens are valid: true, expires at: 1765274987515
[debug] [2025-12-09T09:09:59.442Z] >>> [apiv2][query] POST https://firebasehosting.googleapis.com/v1beta1/projects/-/sites/telc-exam-admin/versions [none]
[debug] [2025-12-09T09:09:59.442Z] >>> [apiv2][body] POST https://firebasehosting.googleapis.com/v1beta1/projects/-/sites/telc-exam-admin/versions {"status":"CREATED","labels":{"deployment-tool":"cli-firebase"}}
[debug] [2025-12-09T09:10:00.606Z] <<< [apiv2][status] POST https://firebasehosting.googleapis.com/v1beta1/projects/-/sites/telc-exam-admin/versions 200
[debug] [2025-12-09T09:10:00.606Z] <<< [apiv2][body] POST https://firebasehosting.googleapis.com/v1beta1/projects/-/sites/telc-exam-admin/versions {"name":"projects/494473710301/sites/telc-exam-admin/versions/695cd30f39d3b87d","status":"CREATED","config":{},"labels":{"deployment-tool":"cli-firebase"}}
[debug] [2025-12-09T09:10:00.606Z] Checked if tokens are valid: true, expires at: 1765274987515
[debug] [2025-12-09T09:10:00.606Z] Checked if tokens are valid: true, expires at: 1765274987515
[debug] [2025-12-09T09:10:00.606Z] >>> [apiv2][query] GET https://firebaserules.googleapis.com/v1/projects/telc-b1-german/releases pageSize=10&pageToken=
[debug] [2025-12-09T09:10:01.292Z] <<< [apiv2][status] GET https://firebaserules.googleapis.com/v1/projects/telc-b1-german/releases 200
[debug] [2025-12-09T09:10:01.292Z] <<< [apiv2][body] GET https://firebaserules.googleapis.com/v1/projects/telc-b1-german/releases {"releases":[{"name":"projects/telc-b1-german/releases/cloud.firestore","rulesetName":"projects/telc-b1-german/rulesets/21a1eb3b-1369-4ae9-a098-d306bb8a80c7","createTime":"2025-10-18T05:07:46.896505Z","updateTime":"2025-12-07T10:02:17.326868Z"},{"name":"projects/telc-b1-german/releases/firebase.storage/telc-b1-german.firebasestorage.app","rulesetName":"projects/telc-b1-german/rulesets/92f56e9e-ca4e-4a2a-9ae2-fc59ef242222","createTime":"2025-10-18T16:21:03.587494Z","updateTime":"2025-11-22T10:53:27.352610Z"}]}
[debug] [2025-12-09T09:10:01.302Z] Checked if tokens are valid: true, expires at: 1765274987515
[debug] [2025-12-09T09:10:01.302Z] Checked if tokens are valid: true, expires at: 1765274987515
[debug] [2025-12-09T09:10:01.302Z] >>> [apiv2][query] GET https://firebaserules.googleapis.com/v1/projects/telc-b1-german/rulesets/21a1eb3b-1369-4ae9-a098-d306bb8a80c7 [none]
[debug] [2025-12-09T09:10:01.970Z] <<< [apiv2][status] GET https://firebaserules.googleapis.com/v1/projects/telc-b1-german/rulesets/21a1eb3b-1369-4ae9-a098-d306bb8a80c7 200
[debug] [2025-12-09T09:10:01.970Z] <<< [apiv2][body] GET https://firebaserules.googleapis.com/v1/projects/telc-b1-german/rulesets/21a1eb3b-1369-4ae9-a098-d306bb8a80c7 [omitted]
[info] i  firestore: latest version of firestore.rules already up to date, skipping upload... 
[info] i  firestore: deploying indexes... 
[info] i  hosting[telc-exam-admin]: beginning deploy... 
[info] i  hosting[telc-exam-admin]: found 14 files in build 
[debug] [2025-12-09T09:10:01.978Z] [hosting] uploading with 200 concurrency
[debug] [2025-12-09T09:10:02.242Z] Checked if tokens are valid: true, expires at: 1765274987515
[debug] [2025-12-09T09:10:02.242Z] Checked if tokens are valid: true, expires at: 1765274987515
[debug] [2025-12-09T09:10:02.242Z] [hosting] hash cache [YnVpbGQ] stored for 14 files
[debug] [2025-12-09T09:10:02.242Z] [hosting][hash queue][FINAL] {"max":260,"min":3,"avg":37.92857142857143,"active":0,"complete":14,"success":14,"errored":0,"retried":0,"total":14,"elapsed":262}
[debug] [2025-12-09T09:10:02.242Z] >>> [apiv2][query] POST https://firebasehosting.googleapis.com/v1beta1/projects/494473710301/sites/telc-exam-admin/versions/695cd30f39d3b87d:populateFiles [none]
[debug] [2025-12-09T09:10:02.242Z] >>> [apiv2][body] POST https://firebasehosting.googleapis.com/v1beta1/projects/494473710301/sites/telc-exam-admin/versions/695cd30f39d3b87d:populateFiles {"files":{"/robots.txt":"391d14b3c2f8c9143a27a28c7399585142228d4d1bdbe2c87ac946de411fa9a2","/manifest.json":"341d52628782f8ac9290bbfc43298afccb47b7cbfcee146ae30cf0f46bc30900","/logo192.png":"caff018b7f1e8fd481eb1c50d75b0ef236bcd5078b1d15c8bb348453fee30293","/logo512.png":"191fc21360b4ccfb1cda11a1efb97f489ed22672ca83f4064316802bbfdd750e","/asset-manifest.json":"37aa5baa013c33a23fddd2c4953ae94473fc71d6f602d0f2a948bc6418855457","/favicon.ico":"b72f7455f00e4e58792d2bca892abb068e2213838c0316d6b7a0d6d16acd1955","/index.html":"154316f94ed5fa43237cf1c1d111aeb6bafe9a2504839922691c95ba44e29a01","/static/js/main.ccc57706.js.LICENSE.txt":"1127c7965e9c23ca545efa40fc861745c0bd0c0ece5bd17859ef9aa9c63d7bbf","/static/js/453.eda9fa8c.chunk.js":"9e401800e5f21c8bdfcf23cf1237d367cd8d8fe892e5d3a71d5a9388aa3fc939","/static/js/453.eda9fa8c.chunk.js.map":"2f7c4fca242852708f7227c028bf9060f3c739b01fcf931fc494955a8d4fabb6","/static/css/main.b2516e86.css":"a9df9cbe49a6e2a54a7df4bec4d5fbe75342aa840ef92fb6a1cf452f957a16aa","/static/css/main.b2516e86.css.map":"dbf4597fbf5f0efdc9a355b923bf51a0bcd3283866004c158f8986e90eb4f453","/static/js/main.ccc57706.js.map":"5a84831fbec2464fe9e076e8bfcfd2c415b14312f88c2e6ec8b0ea14120ea680","/static/js/main.ccc57706.js":"525890ad0a05270ac80e836d6f20f518e75f9e8dfc5a489dce9935cecdcdbbb6"}}
[debug] [2025-12-09T09:10:02.485Z] <<< [apiv2][status] POST https://firebasehosting.googleapis.com/v1beta1/projects/494473710301/sites/telc-exam-admin/versions/695cd30f39d3b87d:populateFiles 200
[debug] [2025-12-09T09:10:02.485Z] <<< [apiv2][body] POST https://firebasehosting.googleapis.com/v1beta1/projects/494473710301/sites/telc-exam-admin/versions/695cd30f39d3b87d:populateFiles {"uploadRequiredHashes":["154316f94ed5fa43237cf1c1d111aeb6bafe9a2504839922691c95ba44e29a01","5a84831fbec2464fe9e076e8bfcfd2c415b14312f88c2e6ec8b0ea14120ea680","525890ad0a05270ac80e836d6f20f518e75f9e8dfc5a489dce9935cecdcdbbb6","37aa5baa013c33a23fddd2c4953ae94473fc71d6f602d0f2a948bc6418855457"],"uploadUrl":"https://upload-firebasehosting.googleapis.com/upload/sites/telc-exam-admin/versions/695cd30f39d3b87d/files"}
[debug] [2025-12-09T09:10:02.485Z] Checked if tokens are valid: true, expires at: 1765274987515
[debug] [2025-12-09T09:10:02.485Z] Checked if tokens are valid: true, expires at: 1765274987515
[debug] [2025-12-09T09:10:02.485Z] Checked if tokens are valid: true, expires at: 1765274987515
[debug] [2025-12-09T09:10:02.485Z] Checked if tokens are valid: true, expires at: 1765274987515
[debug] [2025-12-09T09:10:02.486Z] Checked if tokens are valid: true, expires at: 1765274987515
[debug] [2025-12-09T09:10:02.486Z] Checked if tokens are valid: true, expires at: 1765274987515
[debug] [2025-12-09T09:10:02.486Z] Checked if tokens are valid: true, expires at: 1765274987515
[debug] [2025-12-09T09:10:02.486Z] Checked if tokens are valid: true, expires at: 1765274987515
[debug] [2025-12-09T09:10:02.486Z] >>> [apiv2][query] POST https://upload-firebasehosting.googleapis.com/upload/sites/telc-exam-admin/versions/695cd30f39d3b87d/files/154316f94ed5fa43237cf1c1d111aeb6bafe9a2504839922691c95ba44e29a01 [none]
[debug] [2025-12-09T09:10:02.486Z] >>> [apiv2][body] POST https://upload-firebasehosting.googleapis.com/upload/sites/telc-exam-admin/versions/695cd30f39d3b87d/files/154316f94ed5fa43237cf1c1d111aeb6bafe9a2504839922691c95ba44e29a01 [stream]
[debug] [2025-12-09T09:10:02.487Z] >>> [apiv2][query] POST https://upload-firebasehosting.googleapis.com/upload/sites/telc-exam-admin/versions/695cd30f39d3b87d/files/5a84831fbec2464fe9e076e8bfcfd2c415b14312f88c2e6ec8b0ea14120ea680 [none]
[debug] [2025-12-09T09:10:02.487Z] >>> [apiv2][body] POST https://upload-firebasehosting.googleapis.com/upload/sites/telc-exam-admin/versions/695cd30f39d3b87d/files/5a84831fbec2464fe9e076e8bfcfd2c415b14312f88c2e6ec8b0ea14120ea680 [stream]
[debug] [2025-12-09T09:10:02.487Z] >>> [apiv2][query] POST https://upload-firebasehosting.googleapis.com/upload/sites/telc-exam-admin/versions/695cd30f39d3b87d/files/525890ad0a05270ac80e836d6f20f518e75f9e8dfc5a489dce9935cecdcdbbb6 [none]
[debug] [2025-12-09T09:10:02.487Z] >>> [apiv2][body] POST https://upload-firebasehosting.googleapis.com/upload/sites/telc-exam-admin/versions/695cd30f39d3b87d/files/525890ad0a05270ac80e836d6f20f518e75f9e8dfc5a489dce9935cecdcdbbb6 [stream]
[debug] [2025-12-09T09:10:02.488Z] >>> [apiv2][query] POST https://upload-firebasehosting.googleapis.com/upload/sites/telc-exam-admin/versions/695cd30f39d3b87d/files/37aa5baa013c33a23fddd2c4953ae94473fc71d6f602d0f2a948bc6418855457 [none]
[debug] [2025-12-09T09:10:02.488Z] >>> [apiv2][body] POST https://upload-firebasehosting.googleapis.com/upload/sites/telc-exam-admin/versions/695cd30f39d3b87d/files/37aa5baa013c33a23fddd2c4953ae94473fc71d6f602d0f2a948bc6418855457 [stream]
[debug] [2025-12-09T09:10:02.488Z] [hosting][populate queue][FINAL] {"max":245,"min":245,"avg":245,"active":0,"complete":1,"success":1,"errored":0,"retried":0,"total":1,"elapsed":247}
[debug] [2025-12-09T09:10:02.488Z] [hosting] uploads queued: 4
[debug] [2025-12-09T09:10:03.605Z] <<< [apiv2][status] POST https://upload-firebasehosting.googleapis.com/upload/sites/telc-exam-admin/versions/695cd30f39d3b87d/files/154316f94ed5fa43237cf1c1d111aeb6bafe9a2504839922691c95ba44e29a01 200
[debug] [2025-12-09T09:10:03.605Z] <<< [apiv2][body] POST https://upload-firebasehosting.googleapis.com/upload/sites/telc-exam-admin/versions/695cd30f39d3b87d/files/154316f94ed5fa43237cf1c1d111aeb6bafe9a2504839922691c95ba44e29a01 [stream]
[debug] [2025-12-09T09:10:03.736Z] <<< [apiv2][status] POST https://upload-firebasehosting.googleapis.com/upload/sites/telc-exam-admin/versions/695cd30f39d3b87d/files/5a84831fbec2464fe9e076e8bfcfd2c415b14312f88c2e6ec8b0ea14120ea680 200
[debug] [2025-12-09T09:10:03.736Z] <<< [apiv2][body] POST https://upload-firebasehosting.googleapis.com/upload/sites/telc-exam-admin/versions/695cd30f39d3b87d/files/5a84831fbec2464fe9e076e8bfcfd2c415b14312f88c2e6ec8b0ea14120ea680 [stream]
[debug] [2025-12-09T09:10:03.743Z] <<< [apiv2][status] POST https://upload-firebasehosting.googleapis.com/upload/sites/telc-exam-admin/versions/695cd30f39d3b87d/files/37aa5baa013c33a23fddd2c4953ae94473fc71d6f602d0f2a948bc6418855457 200
[debug] [2025-12-09T09:10:03.743Z] <<< [apiv2][body] POST https://upload-firebasehosting.googleapis.com/upload/sites/telc-exam-admin/versions/695cd30f39d3b87d/files/37aa5baa013c33a23fddd2c4953ae94473fc71d6f602d0f2a948bc6418855457 [stream]
[debug] [2025-12-09T09:10:03.786Z] <<< [apiv2][status] POST https://upload-firebasehosting.googleapis.com/upload/sites/telc-exam-admin/versions/695cd30f39d3b87d/files/525890ad0a05270ac80e836d6f20f518e75f9e8dfc5a489dce9935cecdcdbbb6 200
[debug] [2025-12-09T09:10:03.787Z] <<< [apiv2][body] POST https://upload-firebasehosting.googleapis.com/upload/sites/telc-exam-admin/versions/695cd30f39d3b87d/files/525890ad0a05270ac80e836d6f20f518e75f9e8dfc5a489dce9935cecdcdbbb6 [stream]
[debug] [2025-12-09T09:10:03.787Z] [hosting][upload queue][FINAL] {"max":1302,"min":1120,"avg":1232.75,"active":0,"complete":4,"success":4,"errored":0,"retried":0,"total":4,"elapsed":1302}
[info] ✔  hosting[telc-exam-admin]: file upload complete 
[debug] [2025-12-09T09:10:03.787Z] [hosting] deploy completed after 1815ms
[debug] [2025-12-09T09:10:03.787Z] [rules] releasing cloud.firestore/(default) with ruleset projects/telc-b1-german/rulesets/21a1eb3b-1369-4ae9-a098-d306bb8a80c7
[debug] [2025-12-09T09:10:03.787Z] Checked if tokens are valid: true, expires at: 1765274987515
[debug] [2025-12-09T09:10:03.787Z] Checked if tokens are valid: true, expires at: 1765274987515
[debug] [2025-12-09T09:10:03.788Z] >>> [apiv2][query] PATCH https://firebaserules.googleapis.com/v1/projects/telc-b1-german/releases/cloud.firestore/(default) [none]
[debug] [2025-12-09T09:10:03.788Z] >>> [apiv2][body] PATCH https://firebaserules.googleapis.com/v1/projects/telc-b1-german/releases/cloud.firestore/(default) {"release":{"name":"projects/telc-b1-german/releases/cloud.firestore/(default)","rulesetName":"projects/telc-b1-german/rulesets/21a1eb3b-1369-4ae9-a098-d306bb8a80c7"}}
[debug] [2025-12-09T09:10:04.195Z] <<< [apiv2][status] PATCH https://firebaserules.googleapis.com/v1/projects/telc-b1-german/releases/cloud.firestore/(default) 200
[debug] [2025-12-09T09:10:04.195Z] <<< [apiv2][body] PATCH https://firebaserules.googleapis.com/v1/projects/telc-b1-german/releases/cloud.firestore/(default) {"name":"projects/telc-b1-german/releases/cloud.firestore","rulesetName":"projects/telc-b1-german/rulesets/21a1eb3b-1369-4ae9-a098-d306bb8a80c7","createTime":"2025-10-18T05:07:46.896505Z","updateTime":"2025-12-09T09:10:04.146597Z"}
[debug] [2025-12-09T09:10:04.196Z] [rules] updated release projects/telc-b1-german/releases/cloud.firestore
[info] ✔  firestore: released rules firestore.rules to cloud.firestore 
[debug] [2025-12-09T09:10:04.196Z] [
  {
    "config": {
      "site": "telc-exam-admin",
      "public": "build",
      "ignore": [
        "firebase.json",
        "**/.*",
        "**/node_modules/**"
      ],
      "rewrites": [
        {
          "source": "**",
          "destination": "/index.html"
        }
      ],
      "headers": [
        {
          "source": "**/*.@(jpg|jpeg|gif|png|svg|webp|js|css|woff|woff2|ttf|eot)",
          "headers": [
            {
              "key": "Cache-Control",
              "value": "max-age=31536000"
            }
          ]
        }
      ]
    },
    "version": "projects/494473710301/sites/telc-exam-admin/versions/695cd30f39d3b87d"
  }
]
[info] i  hosting[telc-exam-admin]: finalizing version... 
[debug] [2025-12-09T09:10:04.199Z] Checked if tokens are valid: true, expires at: 1765274987515
[debug] [2025-12-09T09:10:04.199Z] Checked if tokens are valid: true, expires at: 1765274987515
[debug] [2025-12-09T09:10:04.199Z] >>> [apiv2][query] PATCH https://firebasehosting.googleapis.com/v1beta1/projects/-/sites/telc-exam-admin/versions/695cd30f39d3b87d updateMask=status%2Cconfig
[debug] [2025-12-09T09:10:04.199Z] >>> [apiv2][body] PATCH https://firebasehosting.googleapis.com/v1beta1/projects/-/sites/telc-exam-admin/versions/695cd30f39d3b87d {"status":"FINALIZED","config":{"rewrites":[{"glob":"**","path":"/index.html"}],"headers":[{"glob":"**/*.@(jpg|jpeg|gif|png|svg|webp|js|css|woff|woff2|ttf|eot)","headers":{"Cache-Control":"max-age=31536000"}}]}}
